[21sept2025 20:14:05.735] [main/INFO] [cpw.mods.modlauncher.Launcher/MODLAUNCHER]: ModLauncher running: args [--launchTarget, forgeserverdev, --gameDir, ., --fml.fmlVersion, 4.0.41, --fml.mcVersion, 1.21.1, --fml.neoForgeVersion, 21.1.203, --fml.neoFormVersion, 20240808.144430]
[21sept2025 20:14:05.742] [main/INFO] [cpw.mods.modlauncher.Launcher/MODLAUNCHER]: JVM identified as Oracle Corporation Java HotSpot(TM) 64-Bit Server VM 21.0.5+9-LTS-239
[21sept2025 20:14:05.744] [main/INFO] [cpw.mods.modlauncher.Launcher/MODLAUNCHER]: ModLauncher 11.0.5+main.901c6ea8 starting: java version 21.0.5 by Oracle Corporation; OS Windows 10 arch amd64 version 10.0
[21sept2025 20:14:05.944] [main/INFO] [net.neoforged.fml.loading.ImmediateWindowHandler/]: ImmediateWindowProvider not loading because launch target is forgeserverdev
[21sept2025 20:14:06.060] [main/INFO] [mixin/]: SpongePowered MIXIN Subsystem Version=0.8.7 Source=union:/C:/Users/abrah/.gradle/caches/modules-2/files-2.1/net.fabricmc/sponge-mixin/0.15.2+mixin.0.8.7/2af2f021d8e02a0220dc27a7a72b4666d66d44ca/sponge-mixin-0.15.2+mixin.0.8.7.jar%23149!/ Service=ModLauncher Env=SERVER
[21sept2025 20:14:06.242] [main/INFO] [net.neoforged.fml.loading.moddiscovery.ModDiscoverer/SCAN]: Found mod file "neoforge-21.1.203.jar" [locator: neoforge devenv provider ([C:\MCMODS\mc-rpg-mod\rpg-core\.gradle\repositories\ng_dummy_ng\net\neoforged\neoforge\21.1.203\neoforge-21.1.203.jar])]
[21sept2025 20:14:06.262] [main/INFO] [net.neoforged.fml.loading.moddiscovery.ModDiscoverer/SCAN]: Found mod file "neoforge-21.1.203.jar" [locator: neoforge devenv provider ([C:\MCMODS\mc-rpg-mod\rpg-core\.gradle\repositories\ng_dummy_ng\net\neoforged\neoforge\21.1.203\neoforge-21.1.203.jar])]
[21sept2025 20:14:06.271] [main/INFO] [net.neoforged.fml.loading.moddiscovery.ModDiscoverer/SCAN]: Found mod file "main" [locator: userdev mods and services, reader: mod manifest]
[21sept2025 20:14:06.281] [main/INFO] [net.neoforged.fml.loading.moddiscovery.ModDiscoverer/SCAN]: Found mod file "neoforge-21.1.203.jar" [locator: userdev mods and services, reader: mod manifest]
[21sept2025 20:14:06.300] [main/INFO] [net.neoforged.fml.loading.moddiscovery.ModDiscoverer/SCAN]: Found gamelibrary file "mixinextras-neoforge-0.5.0.jar" [locator: userdev mods and services, reader: mod manifest]
[21sept2025 20:14:06.434] [main/WARN] [net.neoforged.jarjar.selection.JarSelector/]: Attempted to select a dependency jar for JarJar which was passed in as source: library:mixinextras.neoforge. Using Mod File: C:\Users\abrah\.gradle\caches\modules-2\files-2.1\io.github.llamalad7\mixinextras-neoforge\0.5.0\d734b83ce6542bb70ea31755c1595b88992dbe65\mixinextras-neoforge-0.5.0.jar
[21sept2025 20:14:06.434] [main/INFO] [net.neoforged.fml.loading.moddiscovery.locators.JarInJarDependencyLocator/]: Found 1 dependencies adding them to mods collection
[21sept2025 20:14:06.434] [main/INFO] [net.neoforged.fml.loading.moddiscovery.ModDiscoverer/SCAN]: Found library file "net.neoforged.neoforge-coremods-21.1.203.jar" [parent: neoforge-21.1.203.jar, locator: jarinjar, reader: mod manifest]
[21sept2025 20:14:06.435] [main/INFO] [net.neoforged.fml.loading.moddiscovery.ModDiscoverer/]: 
     Mod List:
		Name Version (Mod Id)

		Minecraft 1.21.1 (minecraft)
		NeoForge 21.1.203 (neoforge)
		RPG Core 0.1.0 (rpg_core)
[21sept2025 20:14:06.896] [main/INFO] [cpw.mods.modlauncher.LaunchServiceHandler/MODLAUNCHER]: Launching target 'forgeserverdev' with arguments [--gameDir, .]
[21sept2025 20:14:08.323] [main/WARN] [oshi.driver.windows.perfmon.PerfmonDisabled/]: Invalid registry value type detected for PerfOS counters. Should be REG_DWORD. Ignoring: HKEY_LOCAL_MACHINE\SYSTEM\CurrentControlSet\Services\PerfOS\Performance\Disable Performance Counters.
[21sept2025 20:14:08.688] [main/INFO] [MixinExtras|Service/]: Initializing MixinExtras via com.llamalad7.mixinextras.service.MixinExtrasServiceImpl(version=0.5.0).
[21sept2025 20:14:14.393] [main/WARN] [net.minecraft.commands.Commands/]: Ambiguity between arguments [teleport, location] and [teleport, destination] with inputs: [0.1 -0.5 .9, 0 0 0]
[21sept2025 20:14:14.394] [main/WARN] [net.minecraft.commands.Commands/]: Ambiguity between arguments [teleport, location] and [teleport, targets] with inputs: [0.1 -0.5 .9, 0 0 0]
[21sept2025 20:14:14.400] [main/WARN] [net.minecraft.commands.Commands/]: Ambiguity between arguments [teleport, destination] and [teleport, targets] with inputs: [Player, 0123, @e, dd12be42-52a9-4a91-a8a1-11c01849e498]
[21sept2025 20:14:14.400] [main/WARN] [net.minecraft.commands.Commands/]: Ambiguity between arguments [teleport, targets] and [teleport, destination] with inputs: [Player, 0123, dd12be42-52a9-4a91-a8a1-11c01849e498]
[21sept2025 20:14:14.401] [main/WARN] [net.minecraft.commands.Commands/]: Ambiguity between arguments [teleport, targets, location] and [teleport, targets, destination] with inputs: [0.1 -0.5 .9, 0 0 0]
[21sept2025 20:14:14.482] [modloading-worker-0/INFO] [RPG-Core/]: [RPG-Core] Cargando mod…
[21sept2025 20:14:14.531] [modloading-worker-0/INFO] [net.neoforged.neoforge.common.NeoForgeMod/NEOFORGE-MOD]: NeoForge mod loading, version 21.1.203, for MC 1.21.1
[21sept2025 20:14:14.741] [modloading-worker-0/INFO] [RPG-Core/]: [RPG-Core] commonSetup OK
[21sept2025 20:14:14.837] [main/INFO] [com.mojang.authlib.yggdrasil.YggdrasilAuthenticationService/]: Environment: Environment[sessionHost=https://sessionserver.mojang.com, servicesHost=https://api.minecraftservices.com, name=PROD]
[21sept2025 20:14:15.055] [main/WARN] [net.minecraft.server.packs.VanillaPackResourcesBuilder/]: Assets URL 'union:/C:/MCMODS/mc-rpg-mod/rpg-core/.gradle/repositories/ng_dummy_ng/net/neoforged/neoforge/21.1.203/neoforge-21.1.203.jar%23201!/assets/.mcassetsroot' uses unexpected schema
[21sept2025 20:14:15.055] [main/WARN] [net.minecraft.server.packs.VanillaPackResourcesBuilder/]: Assets URL 'union:/C:/MCMODS/mc-rpg-mod/rpg-core/.gradle/repositories/ng_dummy_ng/net/neoforged/neoforge/21.1.203/neoforge-21.1.203.jar%23201!/data/.mcassetsroot' uses unexpected schema
[21sept2025 20:14:16.203] [main/INFO] [net.minecraft.world.item.crafting.RecipeManager/]: Loaded 1290 recipes
[21sept2025 20:14:16.378] [main/INFO] [net.minecraft.advancements.AdvancementTree/]: Loaded 1399 advancements
[21sept2025 20:14:17.082] [Server thread/INFO] [net.minecraft.server.dedicated.DedicatedServer/]: Starting minecraft server version 1.21.1
[21sept2025 20:14:17.082] [Server thread/INFO] [net.minecraft.server.dedicated.DedicatedServer/]: Loading properties
[21sept2025 20:14:17.083] [Server thread/INFO] [net.minecraft.server.dedicated.DedicatedServer/]: Default game type: SURVIVAL
[21sept2025 20:14:17.083] [Server thread/INFO] [net.minecraft.server.MinecraftServer/]: Generating keypair
[21sept2025 20:14:17.206] [Server thread/INFO] [net.minecraft.server.dedicated.DedicatedServer/]: Starting Minecraft server on *:25565
[21sept2025 20:14:17.270] [Server thread/INFO] [net.minecraft.server.network.ServerConnectionListener/]: Using default channel type
[21sept2025 20:14:17.303] [Server thread/WARN] [net.minecraft.server.dedicated.DedicatedServer/]: **** SERVER IS RUNNING IN OFFLINE/INSECURE MODE!
[21sept2025 20:14:17.303] [Server thread/WARN] [net.minecraft.server.dedicated.DedicatedServer/]: The server will make no attempt to authenticate usernames. Beware.
[21sept2025 20:14:17.303] [Server thread/WARN] [net.minecraft.server.dedicated.DedicatedServer/]: While this makes the game possible to play without internet access, it also opens up the ability for hackers to connect with any username they choose.
[21sept2025 20:14:17.303] [Server thread/WARN] [net.minecraft.server.dedicated.DedicatedServer/]: To change this, set "online-mode" to "true" in the server.properties file.
[21sept2025 20:14:17.342] [Server thread/INFO] [net.minecraft.server.dedicated.DedicatedServer/]: Preparing level "world"
[21sept2025 20:14:17.989] [Server thread/INFO] [net.minecraft.server.MinecraftServer/]: Preparing start region for dimension minecraft:overworld
[21sept2025 20:14:18.308] [worldgen/INFO] [net.minecraft.server.level.progress.LoggerChunkProgressListener/]: Preparing spawn area: 0%
[21sept2025 20:14:18.485] [Server thread/INFO] [net.minecraft.server.level.progress.LoggerChunkProgressListener/]: Time elapsed: 496 ms
[21sept2025 20:14:18.486] [Server thread/INFO] [net.minecraft.server.dedicated.DedicatedServer/]: Done (1.173s)! For help, type "help"
[21sept2025 20:14:18.504] [LanServerPinger #1/WARN] [net.minecraft.client.server.LanServerPinger/]: LanServerPinger: Invalid argument: sendto
[21sept2025 20:14:18.520] [Server thread/INFO] [net.neoforged.neoforge.gametest.GameTestHooks/]: Enabled Gametest Namespaces: []
[21sept2025 20:14:18.532] [Server thread/INFO] [net.neoforged.neoforge.server.permission.PermissionAPI/]: Successfully initialized permission handler neoforge:default_handler
[21sept2025 20:19:10.287] [Server thread/INFO] [net.minecraft.server.MinecraftServer/]: Stopping server
[21sept2025 20:19:10.288] [Server thread/INFO] [net.minecraft.server.MinecraftServer/]: Saving players
[21sept2025 20:19:10.288] [Server thread/INFO] [net.minecraft.server.MinecraftServer/]: Saving worlds
[21sept2025 20:19:10.362] [Server thread/INFO] [net.minecraft.server.MinecraftServer/]: Saving chunks for level 'ServerLevel[world]'/minecraft:overworld
[21sept2025 20:19:10.387] [Server thread/INFO] [net.minecraft.server.MinecraftServer/]: Saving chunks for level 'ServerLevel[world]'/minecraft:the_nether
[21sept2025 20:19:10.394] [Server thread/INFO] [net.minecraft.server.MinecraftServer/]: Saving chunks for level 'ServerLevel[world]'/minecraft:the_end
[21sept2025 20:19:10.404] [Server thread/INFO] [net.minecraft.server.MinecraftServer/]: ThreadedAnvilChunkStorage (world): All chunks are saved
[21sept2025 20:19:10.404] [Server thread/INFO] [net.minecraft.server.MinecraftServer/]: ThreadedAnvilChunkStorage (DIM-1): All chunks are saved
[21sept2025 20:19:10.405] [Server thread/INFO] [net.minecraft.server.MinecraftServer/]: ThreadedAnvilChunkStorage (DIM1): All chunks are saved
[21sept2025 20:19:10.405] [Server thread/INFO] [net.minecraft.server.MinecraftServer/]: ThreadedAnvilChunkStorage: All dimensions are saved
